This is pdfTeX, Version 3.14159265-2.6-1.40.21 (TeX Live 2020/Debian) (preloaded format=pdflatex 2023.5.25)  22 AUG 2023 20:16
entering extended mode
 restricted \write18 enabled.
 file:line:error style messages enabled.
 %&-line parsing enabled.
**/home/ryan/Wonderland/native/research/dissertation/dissertation.tex
(/home/ryan/Wonderland/native/research/dissertation/dissertation.tex
LaTeX2e <2020-10-01> patch level 4
L3 programming layer <2021-01-09> xparse <2020-03-03> (/home/ryan/Wonderland/native/research/dissertation/utthesis.cls

LaTeX Warning: You have requested document class `utthesis',
               but the document class provides `dissertation'.

Document Class: dissertation 2016/05/02 v1.1 A class for the UT thesis
(/usr/share/texlive/texmf-dist/tex/latex/memoir/memoir.cls
Document Class: memoir 2020/10/04 v3.7n configurable book, report, article document class
\onelineskip=\skip47
\lxvchars=\skip48
\xlvchars=\skip49
\@memcnta=\count177
\c@@memmarkcntra=\count178
(/usr/share/texlive/texmf-dist/tex/generic/iftex/iftex.sty
Package: iftex 2020/03/06 v1.0d TeX engine tests
)
\stockheight=\skip50
\stockwidth=\skip51
\trimtop=\skip52
\trimedge=\skip53
 (/usr/share/texlive/texmf-dist/tex/latex/memoir/mem12.clo
File: mem12.clo 2010/10/19 v0.4b memoir class 12pt size option
)
\binding=\skip54
\spinemargin=\skip55
\foremargin=\skip56
\uppermargin=\skip57
\lowermargin=\skip58
\headdrop=\skip59
\normalrulethickness=\skip60
\mem@maxheadheight=\skip61
\mem@maxfootheight=\skip62
\headwidth=\skip63
\c@storedpagenumber=\count179
\memPD=\dimen138
\m@mabparskip=\skip64
\thanksmarkwidth=\skip65
\thanksmarksep=\skip66
\droptitle=\skip67
\c@book=\count180
\c@part=\count181
\c@chapter=\count182
\c@section=\count183
\c@subsection=\count184
\c@subsubsection=\count185
\c@paragraph=\count186
\c@subparagraph=\count187
\beforechapskip=\skip68
\midchapskip=\skip69
\afterchapskip=\skip70
\chapindent=\skip71
\bottomsectionskip=\skip72
\secindent=\skip73
\beforesecskip=\skip74
\aftersecskip=\skip75
\subsecindent=\skip76
\beforesubsecskip=\skip77
\aftersubsecskip=\skip78
\subsubsecindent=\skip79
\beforesubsubsecskip=\skip80
\aftersubsubsecskip=\skip81
\paraindent=\skip82
\beforeparaskip=\skip83
\afterparaskip=\skip84
\subparaindent=\skip85
\beforesubparaskip=\skip86
\aftersubparaskip=\skip87
\pfbreakskip=\skip88
\c@@ppsavesec=\count188
\c@@ppsaveapp=\count189
\ragrparindent=\dimen139
\everylistparindent=\dimen140
\parsepi=\skip89
\topsepi=\skip90
\itemsepi=\skip91
\parsepii=\skip92
\topsepii=\skip93
\topsepiii=\skip94
\itemsepii=\skip95
\itemsepiii=\skip96
\partopsepii=\skip97
\partopsepiii=\skip98
\m@msavetopsep=\skip99
\m@msavepartopsep=\skip100
\@enLab=\toks15
\abstitleskip=\skip101
\absleftindent=\skip102
\abs@leftindent=\dimen141
\absrightindent=\skip103
\absparindent=\skip104
\absparsep=\skip105
\c@vslineno=\count190
\c@poemline=\count191
\c@modulo@vs=\count192
\c@memfvsline=\count193
\vleftskip=\skip106
\vrightskip=\skip107
\stanzaskip=\skip108
\versewidth=\skip109
\vgap=\skip110
\vindent=\skip111
\vleftmargin=\dimen142
\c@verse=\count194
\c@chrsinstr=\count195
\beforepoemtitleskip=\skip112
\afterpoemtitleskip=\skip113
\c@poem=\count196
\beforePoemTitleskip=\skip114
\midPoemTitleskip=\skip115
\afterPoemTitleskip=\skip116
 (/usr/share/texlive/texmf-dist/tex/latex/tools/array.sty
Package: array 2020/10/01 v2.5c Tabular extension package (FMi)
\col@sep=\dimen143
\ar@mcellbox=\box47
\extrarowheight=\dimen144
\NC@list=\toks16
\extratabsurround=\skip117
\backup@length=\skip118
\ar@cellbox=\box48
) (/usr/share/texlive/texmf-dist/tex/latex/tools/dcolumn.sty
Package: dcolumn 2014/10/28 v1.06 decimal alignment package (DPC)
) (/usr/share/texlive/texmf-dist/tex/latex/tools/delarray.sty
Package: delarray 2014/10/28 v1.01 array delimiter package (DPC)
) (/usr/share/texlive/texmf-dist/tex/latex/tools/tabularx.sty
Package: tabularx 2020/01/15 v2.11c `tabularx' package (DPC)
\TX@col@width=\dimen145
\TX@old@table=\dimen146
\TX@old@col=\dimen147
\TX@target=\dimen148
\TX@delta=\dimen149
\TX@cols=\count197
\TX@ftn=\toks17
)
\heavyrulewidth=\dimen150
\lightrulewidth=\dimen151
\cmidrulewidth=\dimen152
\belowrulesep=\dimen153
\belowbottomsep=\dimen154
\aboverulesep=\dimen155
\abovetopsep=\dimen156
\cmidrulesep=\dimen157
\cmidrulekern=\dimen158
\defaultaddspace=\dimen159
\@cmidla=\count198
\@cmidlb=\count199
\@aboverulesep=\dimen160
\@belowrulesep=\dimen161
\@thisruleclass=\count266
\@lastruleclass=\count267
\@thisrulewidth=\dimen162
\ctableftskip=\skip119
\ctabrightskip=\skip120
\abovecolumnspenalty=\count268
\@linestogo=\count269
\@cellstogo=\count270
\@cellsincolumn=\count271
\crtok=\toks18
\@mincolumnwidth=\dimen163
\c@newflo@tctr=\count272
\mem@margin@floatbox=\box49
\@contcwidth=\skip121
\@contindw=\skip122
\abovecaptionskip=\skip123
\belowcaptionskip=\skip124
\subfloattopskip=\skip125
\subfloatcapskip=\skip126
\subfloatcaptopadj=\skip127
\subfloatbottomskip=\skip128
\subfloatlabelskip=\skip129
\subfloatcapmargin=\dimen164
\c@@contsubnum=\count273
\m@mscap@capbox=\box50
\m@mscap@fbox=\box51
\sidecapsep=\dimen165
\sidecapwidth=\dimen166
\m@m@tempdima=\dimen167
\m@mscapraise=\dimen168
\sidecapraise=\dimen169
\m@mscapmainwidth=\dimen170
\m@mscaplkern=\dimen171
\beforeepigraphskip=\skip130
\afterepigraphskip=\skip131
\epigraphwidth=\skip132
\epigraphrule=\skip133
LaTeX Info: Redefining \em on input line 7678.
LaTeX Info: Redefining \emph on input line 7686.
\tocentryskip=\skip134
\tocbaseline=\skip135
\cftparskip=\skip136
\cftbeforebookskip=\skip137
\cftbookindent=\dimen172
\cftbooknumwidth=\dimen173
\cftbeforepartskip=\skip138
\cftpartindent=\skip139
\cftpartnumwidth=\skip140
\cftbeforechapterskip=\skip141
\cftchapterindent=\skip142
\cftchapternumwidth=\skip143
\cftbeforesectionskip=\skip144
\cftsectionindent=\skip145
\cftsectionnumwidth=\skip146
\cftbeforesubsectionskip=\skip147
\cftsubsectionindent=\skip148
\cftsubsectionnumwidth=\skip149
\cftbeforesubsubsectionskip=\skip150
\cftsubsubsectionindent=\skip151
\cftsubsubsectionnumwidth=\skip152
\cftbeforeparagraphskip=\skip153
\cftparagraphindent=\skip154
\cftparagraphnumwidth=\skip155
\cftbeforesubparagraphskip=\skip156
\cftsubparagraphindent=\skip157
\cftsubparagraphnumwidth=\skip158
\prechapterprecisshift=\dimen174
\c@maxsecnumdepth=\count274
\bibindent=\dimen175
\bibitemsep=\skip159
\indexcolsep=\skip160
\indexrule=\skip161
\indexmarkstyle=\toks19
\@indexbox=\insert252
\glossarycolsep=\dimen176
\glossaryrule=\dimen177
\sideparvshift=\skip162
\sideins=\insert251
\sidebartopsep=\skip163
\sidebarhsep=\skip164
\sidebarvsep=\skip165
\sidebarwidth=\skip166
\footmarkwidth=\skip167
\footmarksep=\skip168
\footparindent=\skip169
\footinsdim=\skip170
\footinsv@r=\insert250
\@mpfootinsv@r=\insert249
\m@m@k=\count275
\m@m@h=\dimen178
\m@mipn@skip=\skip171
\sidefootins=\insert248
\sidefootadjust=\skip172
\sidefootheight=\skip173
\sidefoothsep=\skip174
\sidefootvsep=\skip175
\sidefootwidth=\skip176
\m@mdownsf=\skip177
\c@sidefootnote=\count276
\sidefootmarkwidth=\skip178
\sidefootmarksep=\skip179
\sidefootparindent=\skip180
\c@pagenote=\count277
\c@pagenoteshadow=\count278
\mem@pn@lastkern=\skip181
\every@verbatim=\toks20
\afterevery@verbatim=\toks21
\verbatim@line=\toks22
\tab@position=\count279
\verbatim@in@stream=\read2
\verbatimindent=\skip182
\verbatim@out=\write3
\bvboxsep=\skip183
\c@memfbvline=\count280
\c@bvlinectr=\count281
\bvnumlength=\skip184
\fb@frw=\dimen179
\fb@frh=\dimen180
\FrameRule=\dimen181
\FrameSep=\dimen182
\c@cp@cntr=\count282
\c@ism@mctr=\count283
\c@xsm@mctr=\count284
\c@csm@mctr=\count285
\c@ksm@mctr=\count286
\c@xksm@mctr=\count287
\c@cksm@mctr=\count288
\c@msm@mctr=\count289
\c@xmsm@mctr=\count290
\c@cmsm@mctr=\count291
\c@bsm@mctr=\count292
\c@workm@mctr=\count293
\c@sheetsequence=\count294
\c@lastsheet=\count295
\c@lastpage=\count296
 (/usr/share/texlive/texmf-dist/tex/latex/textcase/textcase.sty
Package: textcase 2019/09/14 v1.00 Text only upper/lower case changing (DPC)
)
\c@figure=\count297
\c@lofdepth=\count298
\cftbeforefigureskip=\skip185
\cftfigureindent=\skip186
\cftfigurenumwidth=\skip187
\c@table=\count299
\c@lotdepth=\count300
\cftbeforetableskip=\skip188
\cfttableindent=\skip189
\cfttablenumwidth=\skip190
Package abstract [2008/07/23] emulated by memoir.
Package appendix [2008/07/23] emulated by memoir.
Package booktabs [2016/05/16] emulated by memoir.
Package ccaption [2008/07/23] emulated by memoir.
Package changepage [2008/07/23] emulated by memoir.
Package chngcntr [2008/07/23] emulated by memoir.
Package chngpage [2008/07/23] emulated by memoir.
Package crop emulated by memoir.
Package enumerate [2008/07/23] emulated by memoir.
Package epigraph [2008/07/23] emulated by memoir.
Package ifmtarg [2008/07/23] emulated by memoir.
Package index [2008/07/23] emulated by memoir.
Package makeidx [2008/07/23] emulated by memoir.
Package moreverb [2008/07/23] emulated by memoir.
Package mparhack [2008/07/23] emulated by memoir.
Package needspace [2008/07/23] emulated by memoir.
Package newfile [2008/07/23] emulated by memoir.
Package nextpage [2008/07/23] emulated by memoir.
Package pagenote [2008/07/23] emulated by memoir.
Package parskip [2008/07/23] emulated by memoir.
Package patchcmd [2008/07/23] emulated by memoir.
Package setspace [2008/07/23] emulated by memoir.
Package shortvrb [2008/07/23] emulated by memoir.
Package showidx [2008/07/23] emulated by memoir.
Package titleref [2008/07/23] emulated by memoir.
Package titling [2008/07/23] emulated by memoir.
Package tocbibind [2008/07/23] emulated by memoir.
Package tocloft [2008/07/23] emulated by memoir.
Package tocvsec2 [2008/07/23] emulated by memoir.
Package verbatim [2008/07/23] emulated by memoir.
Package verse [2008/07/23] emulated by memoir.
) (/usr/share/texlive/texmf-dist/tex/latex/l3packages/xparse/xparse.sty (/usr/share/texlive/texmf-dist/tex/latex/l3kernel/expl3.sty
Package: expl3 2021-01-09 L3 programming layer (loader) 
 (/usr/share/texlive/texmf-dist/tex/latex/l3backend/l3backend-pdftex.def
File: l3backend-pdftex.def 2020-01-29 L3 backend support: PDF output (pdfTeX)
\l__color_backend_stack_int=\count301
\l__pdf_internal_box=\box52
))
Package: xparse 2020-10-27 L3 Experimental document command parser
 (/usr/share/texlive/texmf-dist/tex/latex/l3packages/xparse/xparse-generic.tex)) (/usr/share/texlive/texmf-dist/tex/latex/amsmath/amsmath.sty
Package: amsmath 2020/09/23 v2.17i AMS math features
\@mathmargin=\skip191

For additional information on amsmath, use the `?' option.
(/usr/share/texlive/texmf-dist/tex/latex/amsmath/amstext.sty
Package: amstext 2000/06/29 v2.01 AMS text
 (/usr/share/texlive/texmf-dist/tex/latex/amsmath/amsgen.sty
File: amsgen.sty 1999/11/30 v2.0 generic functions
\@emptytoks=\toks23
\ex@=\dimen183
)) (/usr/share/texlive/texmf-dist/tex/latex/amsmath/amsbsy.sty
Package: amsbsy 1999/11/29 v1.2d Bold Symbols
\pmbraise@=\dimen184
) (/usr/share/texlive/texmf-dist/tex/latex/amsmath/amsopn.sty
Package: amsopn 2016/03/08 v2.02 operator names
)
\inf@bad=\count302
LaTeX Info: Redefining \frac on input line 234.
\uproot@=\count303
\leftroot@=\count304
LaTeX Info: Redefining \overline on input line 399.
\classnum@=\count305
\DOTSCASE@=\count306
LaTeX Info: Redefining \ldots on input line 496.
LaTeX Info: Redefining \dots on input line 499.
LaTeX Info: Redefining \cdots on input line 620.
\Mathstrutbox@=\box53
\strutbox@=\box54
\big@size=\dimen185
LaTeX Font Info:    Redeclaring font encoding OML on input line 743.
LaTeX Font Info:    Redeclaring font encoding OMS on input line 744.
\macc@depth=\count307
\c@MaxMatrixCols=\count308
\dotsspace@=\muskip16
\c@parentequation=\count309
\dspbrk@lvl=\count310
\tag@help=\toks24
\row@=\count311
\column@=\count312
\maxfields@=\count313
\andhelp@=\toks25
\eqnshift@=\dimen186
\alignsep@=\dimen187
\tagshift@=\dimen188
\tagwidth@=\dimen189
\totwidth@=\dimen190
\lineht@=\dimen191
\@envbody=\toks26
\multlinegap=\skip192
\multlinetaggap=\skip193
\mathdisplay@stack=\toks27
LaTeX Info: Redefining \[ on input line 2923.
LaTeX Info: Redefining \] on input line 2924.
) (/usr/share/texlive/texmf-dist/tex/latex/etoolbox/etoolbox.sty
Package: etoolbox 2020/10/05 v2.5k e-TeX tools for LaTeX (JAW)
\etb@tempcnta=\count314
)

******************************************************
Stock height and width: 794.96999pt by 614.295pt
Top and edge trims: 0pt and 0pt
Page height and width: 794.96999pt by 614.295pt
Text height and width: 606.5pt by 433pt
Spine and edge margins: 90.3375pt and 90.3375pt
Upper and lower margins: 90.3375pt and 98.13249pt
Headheight and headsep: 36.135pt and 18.06749pt
Footskip: 36.135pt
Columnsep and columnseprule: 10pt and 0pt
Marginparsep and marginparwidth: 7pt and 76.3375pt
Sidecapsep and sidecapwidth: 7pt and 50pt
Sidebarhsep and sidebarwidth: 7pt and 50pt
Sidebarvsep and sidebartopsep: 14.5pt and 0pt
Sidebarheight: 546.64995pt
Sidefoothsep and sidefootwidth: 7pt and 50pt
Sidefootvsep and sidefootheight: 14.5pt and 546.64995pt
******************************************************


******************************************************
Stock height and width: 794.96999pt by 614.295pt
Top and edge trims: 0pt and 0pt
Page height and width: 794.96999pt by 614.295pt
Text height and width: 606.5pt by 433pt
Spine and edge margins: 90.3375pt and 90.3375pt
Upper and lower margins: 90.3375pt and 98.13249pt
Headheight and headsep: 36.135pt and 18.06749pt
Footskip: 36.135pt
Columnsep and columnseprule: 10pt and 0pt
Marginparsep and marginparwidth: 7pt and 76.3375pt
Sidecapsep and sidecapwidth: 7pt and 50pt
Sidebarhsep and sidebarwidth: 7pt and 50pt
Sidebarvsep and sidebartopsep: 14.5pt and 0pt
Sidebarheight: 546.64995pt
Sidefoothsep and sidefootwidth: 7pt and 50pt
Sidefootvsep and sidefootheight: 14.5pt and 546.64995pt
******************************************************

\UTyear=\count315
) (/usr/share/texlive/texmf-dist/tex/latex/biblatex/biblatex.sty
Package: biblatex 2020/12/31 v3.16 programmable bibliographies (PK/MW)
 (/usr/share/texlive/texmf-dist/tex/generic/pdftexcmds/pdftexcmds.sty
Package: pdftexcmds 2020-06-27 v0.33 Utility functions of pdfTeX for LuaTeX (HO)
 (/usr/share/texlive/texmf-dist/tex/generic/infwarerr/infwarerr.sty
Package: infwarerr 2019/12/03 v1.5 Providing info/warning/error messages (HO)
) (/usr/share/texlive/texmf-dist/tex/generic/ltxcmds/ltxcmds.sty
Package: ltxcmds 2020-05-10 v1.25 LaTeX kernel commands for general use (HO)
)
Package pdftexcmds Info: \pdf@primitive is available.
Package pdftexcmds Info: \pdf@ifprimitive is available.
Package pdftexcmds Info: \pdfdraftmode found.
) (/usr/share/texlive/texmf-dist/tex/latex/graphics/keyval.sty
Package: keyval 2014/10/28 v1.15 key=value parser (DPC)
\KV@toks@=\toks28
) (/usr/share/texlive/texmf-dist/tex/latex/kvoptions/kvoptions.sty
Package: kvoptions 2020-10-07 v3.14 Key value format for package options (HO)
 (/usr/share/texlive/texmf-dist/tex/generic/kvsetkeys/kvsetkeys.sty
Package: kvsetkeys 2019/12/15 v1.18 Key value parser (HO)
)) (/usr/share/texlive/texmf-dist/tex/latex/logreq/logreq.sty
Package: logreq 2010/08/04 v1.0 xml request logger
\lrq@indent=\count316
 (/usr/share/texlive/texmf-dist/tex/latex/logreq/logreq.def
File: logreq.def 2010/08/04 v1.0 logreq spec v1.0
)) (/usr/share/texlive/texmf-dist/tex/latex/base/ifthen.sty
Package: ifthen 2014/09/29 v1.1c Standard LaTeX ifthen package (DPC)
) (/usr/share/texlive/texmf-dist/tex/latex/url/url.sty
\Urlmuskip=\muskip17
Package: url 2013/09/16  ver 3.4  Verb mode for urls, etc.
)
\c@tabx@nest=\count317
\c@listtotal=\count318
\c@listcount=\count319
\c@liststart=\count320
\c@liststop=\count321
\c@citecount=\count322
\c@citetotal=\count323
\c@multicitecount=\count324
\c@multicitetotal=\count325
\c@instcount=\count326
\c@maxnames=\count327
\c@minnames=\count328
\c@maxitems=\count329
\c@minitems=\count330
\c@citecounter=\count331
\c@maxcitecounter=\count332
\c@savedcitecounter=\count333
\c@uniquelist=\count334
\c@uniquename=\count335
\c@refsection=\count336
\c@refsegment=\count337
\c@maxextratitle=\count338
\c@maxextratitleyear=\count339
\c@maxextraname=\count340
\c@maxextradate=\count341
\c@maxextraalpha=\count342
\c@abbrvpenalty=\count343
\c@highnamepenalty=\count344
\c@lownamepenalty=\count345
\c@maxparens=\count346
\c@parenlevel=\count347
\blx@tempcnta=\count348
\blx@tempcntb=\count349
\blx@tempcntc=\count350
\blx@maxsection=\count351
\blx@maxsegment@0=\count352
\blx@notetype=\count353
\blx@parenlevel@text=\count354
\blx@parenlevel@foot=\count355
\blx@sectionciteorder@0=\count356
\blx@entrysetcounter=\count357
\blx@biblioinstance=\count358
\labelnumberwidth=\skip194
\labelalphawidth=\skip195
\biblabelsep=\skip196
\bibnamesep=\skip197
\bibinitsep=\skip198
\bibparsep=\skip199
\bibhang=\skip256
\blx@bcfin=\read3
\blx@bcfout=\write4
\blx@langwohyphens=\language86
\c@mincomprange=\count359
\c@maxcomprange=\count360
\c@mincompwidth=\count361
Package biblatex Info: Trying to load biblatex default data model...
Package biblatex Info: ... file 'blx-dm.def' found.
 (/usr/share/texlive/texmf-dist/tex/latex/biblatex/blx-dm.def
File: blx-dm.def 2020/12/31 v3.16 biblatex localization (PK/MW)
)
Package biblatex Info: Trying to load biblatex style data model...
Package biblatex Info: ... file 'ieee.dbx' not found.
Package biblatex Info: Trying to load biblatex custom data model...
Package biblatex Info: ... file 'biblatex-dm.cfg' not found.
\c@afterword=\count362
\c@savedafterword=\count363
\c@annotator=\count364
\c@savedannotator=\count365
\c@author=\count366
\c@savedauthor=\count367
\c@bookauthor=\count368
\c@savedbookauthor=\count369
\c@commentator=\count370
\c@savedcommentator=\count371
\c@editor=\count372
\c@savededitor=\count373
\c@editora=\count374
\c@savededitora=\count375
\c@editorb=\count376
\c@savededitorb=\count377
\c@editorc=\count378
\c@savededitorc=\count379
\c@foreword=\count380
\c@savedforeword=\count381
\c@holder=\count382
\c@savedholder=\count383
\c@introduction=\count384
\c@savedintroduction=\count385
\c@namea=\count386
\c@savednamea=\count387
\c@nameb=\count388
\c@savednameb=\count389
\c@namec=\count390
\c@savednamec=\count391
\c@translator=\count392
\c@savedtranslator=\count393
\c@shortauthor=\count394
\c@savedshortauthor=\count395
\c@shorteditor=\count396
\c@savedshorteditor=\count397
\c@labelname=\count398
\c@savedlabelname=\count399
\c@institution=\count400
\c@savedinstitution=\count401
\c@lista=\count402
\c@savedlista=\count403
\c@listb=\count404
\c@savedlistb=\count405
\c@listc=\count406
\c@savedlistc=\count407
\c@listd=\count408
\c@savedlistd=\count409
\c@liste=\count410
\c@savedliste=\count411
\c@listf=\count412
\c@savedlistf=\count413
\c@location=\count414
\c@savedlocation=\count415
\c@organization=\count416
\c@savedorganization=\count417
\c@origlocation=\count418
\c@savedoriglocation=\count419
\c@origpublisher=\count420
\c@savedorigpublisher=\count421
\c@publisher=\count422
\c@savedpublisher=\count423
\c@language=\count424
\c@savedlanguage=\count425
\c@origlanguage=\count426
\c@savedoriglanguage=\count427
\c@pageref=\count428
\c@savedpageref=\count429
\shorthandwidth=\skip257
\shortjournalwidth=\skip258
\shortserieswidth=\skip259
\shorttitlewidth=\skip260
\shortauthorwidth=\skip261
\shorteditorwidth=\skip262
\locallabelnumberwidth=\skip263
\locallabelalphawidth=\skip264
\localshorthandwidth=\skip265
\localshortjournalwidth=\skip266
\localshortserieswidth=\skip267
\localshorttitlewidth=\skip268
\localshortauthorwidth=\skip269
\localshorteditorwidth=\skip270
Package biblatex Info: Trying to load compatibility code...
Package biblatex Info: ... file 'blx-compat.def' found.
 (/usr/share/texlive/texmf-dist/tex/latex/biblatex/blx-compat.def
File: blx-compat.def 2020/12/31 v3.16 biblatex compatibility (PK/MW)
)
Package biblatex Info: Trying to load generic definitions...
Package biblatex Info: ... file 'biblatex.def' found.
 (/usr/share/texlive/texmf-dist/tex/latex/biblatex/biblatex.def
File: biblatex.def 2020/12/31 v3.16 biblatex compatibility (PK/MW)
\c@textcitecount=\count430
\c@textcitetotal=\count431
\c@textcitemaxnames=\count432
\c@biburlbigbreakpenalty=\count433
\c@biburlbreakpenalty=\count434
\c@biburlnumpenalty=\count435
\c@biburlucpenalty=\count436
\c@biburllcpenalty=\count437
\biburlbigskip=\muskip18
\biburlnumskip=\muskip19
\biburlucskip=\muskip20
\biburllcskip=\muskip21
\c@smartand=\count438
)
Package biblatex Info: Trying to load bibliography style 'ieee'...
Package biblatex Info: ... file 'ieee.bbx' found.
 (/usr/share/texlive/texmf-dist/tex/latex/biblatex-ieee/ieee.bbx
File: ieee.bbx 2020/12/29 v1.3d biblatex bibliography style
Package biblatex Info: Trying to load bibliography style 'numeric-comp'...
Package biblatex Info: ... file 'numeric-comp.bbx' found.
 (/usr/share/texlive/texmf-dist/tex/latex/biblatex/bbx/numeric-comp.bbx
File: numeric-comp.bbx 2020/12/31 v3.16 biblatex bibliography style (PK/MW)
Package biblatex Info: Trying to load bibliography style 'numeric'...
Package biblatex Info: ... file 'numeric.bbx' found.
 (/usr/share/texlive/texmf-dist/tex/latex/biblatex/bbx/numeric.bbx
File: numeric.bbx 2020/12/31 v3.16 biblatex bibliography style (PK/MW)
Package biblatex Info: Trying to load bibliography style 'standard'...
Package biblatex Info: ... file 'standard.bbx' found.
 (/usr/share/texlive/texmf-dist/tex/latex/biblatex/bbx/standard.bbx
File: standard.bbx 2020/12/31 v3.16 biblatex bibliography style (PK/MW)
\c@bbx:relatedcount=\count439
\c@bbx:relatedtotal=\count440
))))
Package biblatex Info: Trying to load citation style 'ieee'...
Package biblatex Info: ... file 'ieee.cbx' found.
 (/usr/share/texlive/texmf-dist/tex/latex/biblatex-ieee/ieee.cbx
File: ieee.cbx 2020/12/29 v1.3d biblatex citation style
Package biblatex Info: Trying to load citation style 'numeric-comp'...
Package biblatex Info: ... file 'numeric-comp.cbx' found.
 (/usr/share/texlive/texmf-dist/tex/latex/biblatex/cbx/numeric-comp.cbx
File: numeric-comp.cbx 2020/12/31 v3.16 biblatex citation style (PK/MW)
\c@cbx@tempcnta=\count441
\c@cbx@tempcntb=\count442
\c@cbx@tempcntc=\count443
\c@cbx@tempcntd=\count444
Package biblatex Info: Redefining '\cite'.
Package biblatex Info: Redefining '\parencite'.
Package biblatex Info: Redefining '\footcite'.
Package biblatex Info: Redefining '\footcitetext'.
Package biblatex Info: Redefining '\smartcite'.
Package biblatex Info: Redefining '\supercite'.
Package biblatex Info: Redefining '\textcite'.
Package biblatex Info: Redefining '\textcites'.
Package biblatex Info: Redefining '\cites'.
Package biblatex Info: Redefining '\parencites'.
Package biblatex Info: Redefining '\smartcites'.
)
Package biblatex Info: Redefining '\cite'.
Package biblatex Info: Redefining '\cites'.
)
Package biblatex Info: Trying to load configuration file...
Package biblatex Info: ... file 'biblatex.cfg' found.
 (/usr/share/texlive/texmf-dist/tex/latex/biblatex/biblatex.cfg
File: biblatex.cfg 
)) (/usr/share/texlive/texmf-dist/tex/latex/lipsum/lipsum.sty
Package: lipsum 2019/01/02 v2.2 150 paragraphs of Lorem Ipsum dummy text
 (/usr/share/texlive/texmf-dist/tex/latex/lipsum/lipsum.ltd.tex
File: lipsum.ltd.tex 2019/01/02 v2.2 The Lorem ipsum dummy text
)) (/usr/share/texlive/texmf-dist/tex/latex/graphics/graphicx.sty
Package: graphicx 2020/09/09 v1.2b Enhanced LaTeX Graphics (DPC,SPQR)
 (/usr/share/texlive/texmf-dist/tex/latex/graphics/graphics.sty
Package: graphics 2020/08/30 v1.4c Standard LaTeX Graphics (DPC,SPQR)
 (/usr/share/texlive/texmf-dist/tex/latex/graphics/trig.sty
Package: trig 2016/01/03 v1.10 sin cos tan (DPC)
) (/usr/share/texlive/texmf-dist/tex/latex/graphics-cfg/graphics.cfg
File: graphics.cfg 2016/06/04 v1.11 sample graphics configuration
)
Package graphics Info: Driver file: pdftex.def on input line 105.
 (/usr/share/texlive/texmf-dist/tex/latex/graphics-def/pdftex.def
File: pdftex.def 2020/10/05 v1.2a Graphics/color driver for pdftex
))
\Gin@req@height=\dimen192
\Gin@req@width=\dimen193
) (/usr/share/texlive/texmf-dist/tex/latex/carlisle/slashed.sty
Package: slashed 1997/01/16 v0.01 Feynman Slashed Character Notation (DPC)
) (/usr/share/texlive/texmf-dist/tex/latex/tools/xspace.sty
Package: xspace 2014/10/28 v1.13 Space after command names (DPC,MH)
) (/home/ryan/Wonderland/native/research/dissertation/commands.tex) (/usr/share/texlive/texmf-dist/tex/latex/hyperref/hyperref.sty
Package: hyperref 2020-05-15 v7.00e Hypertext links for LaTeX
 (/usr/share/texlive/texmf-dist/tex/generic/kvdefinekeys/kvdefinekeys.sty
Package: kvdefinekeys 2019-12-19 v1.6 Define keys (HO)
) (/usr/share/texlive/texmf-dist/tex/generic/pdfescape/pdfescape.sty
Package: pdfescape 2019/12/09 v1.15 Implements pdfTeX's escape features (HO)
) (/usr/share/texlive/texmf-dist/tex/latex/hycolor/hycolor.sty
Package: hycolor 2020-01-27 v1.10 Color options for hyperref/bookmark (HO)
) (/usr/share/texlive/texmf-dist/tex/latex/letltxmacro/letltxmacro.sty
Package: letltxmacro 2019/12/03 v1.6 Let assignment for LaTeX macros (HO)
) (/usr/share/texlive/texmf-dist/tex/latex/auxhook/auxhook.sty
Package: auxhook 2019-12-17 v1.6 Hooks for auxiliary files (HO)
)
\@linkdim=\dimen194
\Hy@linkcounter=\count445
\Hy@pagecounter=\count446
 (/usr/share/texlive/texmf-dist/tex/latex/hyperref/pd1enc.def
File: pd1enc.def 2020-05-15 v7.00e Hyperref: PDFDocEncoding definition (HO)
Now handling font encoding PD1 ...
... no UTF-8 mapping file for font encoding PD1
) (/usr/share/texlive/texmf-dist/tex/generic/intcalc/intcalc.sty
Package: intcalc 2019/12/15 v1.3 Expandable calculations with integers (HO)
) (/usr/share/texlive/texmf-dist/tex/generic/etexcmds/etexcmds.sty
Package: etexcmds 2019/12/15 v1.7 Avoid name clashes with e-TeX commands (HO)
)
\Hy@SavedSpaceFactor=\count447
Package hyperref Info: Hyper figures OFF on input line 4464.
Package hyperref Info: Link nesting OFF on input line 4469.
Package hyperref Info: Hyper index ON on input line 4472.
Package hyperref Info: Plain pages OFF on input line 4479.
Package hyperref Info: Backreferencing OFF on input line 4484.
Package hyperref Info: Implicit mode ON; LaTeX internals redefined.
Package hyperref Info: Bookmarks ON on input line 4717.
\c@Hy@tempcnt=\count448
LaTeX Info: Redefining \url on input line 5076.
\XeTeXLinkMargin=\dimen195
 (/usr/share/texlive/texmf-dist/tex/generic/bitset/bitset.sty
Package: bitset 2019/12/09 v1.3 Handle bit-vector datatype (HO)
 (/usr/share/texlive/texmf-dist/tex/generic/bigintcalc/bigintcalc.sty
Package: bigintcalc 2019/12/15 v1.5 Expandable calculations on big integers (HO)
))
\Fld@menulength=\count449
\Field@Width=\dimen196
\Fld@charsize=\dimen197
Package hyperref Info: Hyper figures OFF on input line 6347.
Package hyperref Info: Link nesting OFF on input line 6352.
Package hyperref Info: Hyper index ON on input line 6355.
Package hyperref Info: backreferencing OFF on input line 6362.
Package hyperref Info: Link coloring OFF on input line 6367.
Package hyperref Info: Link coloring with OCG OFF on input line 6372.
Package hyperref Info: PDF/A mode OFF on input line 6377.
LaTeX Info: Redefining \ref on input line 6417.
LaTeX Info: Redefining \pageref on input line 6421.
 (/usr/share/texlive/texmf-dist/tex/latex/base/atbegshi-ltx.sty
Package: atbegshi-ltx 2020/08/17 v1.0a Emulation of the original atbegshi package
with kernel methods
)
\Hy@abspage=\count450
\c@Item=\count451
\c@Hfootnote=\count452
) (/usr/share/texlive/texmf-dist/tex/latex/memoir/memhfixc.sty
Package: memhfixc 2019/10/24 v1.18 nameref/hyperref package fixes for memoir class
\c@memhycontfloat=\count453
\c@Hpagenote=\count454
)
Package hyperref Info: Driver (autodetected): hpdftex.
 (/usr/share/texlive/texmf-dist/tex/latex/hyperref/hpdftex.def
File: hpdftex.def 2020-05-15 v7.00e Hyperref driver for pdfTeX
 (/usr/share/texlive/texmf-dist/tex/latex/base/atveryend-ltx.sty
Package: atveryend-ltx 2020/08/19 v1.0a Emulation of the original atvery package
with kernel methods
)
\Fld@listcount=\count455
\c@bookmark@seq@number=\count456
 (/usr/share/texlive/texmf-dist/tex/latex/rerunfilecheck/rerunfilecheck.sty
Package: rerunfilecheck 2019/12/05 v1.9 Rerun checks for auxiliary files (HO)
 (/usr/share/texlive/texmf-dist/tex/generic/uniquecounter/uniquecounter.sty
Package: uniquecounter 2019/12/15 v1.4 Provide unlimited unique counter (HO)
)
Package uniquecounter Info: New unique counter `rerunfilecheck' on input line 286.
)
\Hy@SectionHShift=\skip271
)
\dissertation@idxfile=\write5
\openout5 = `dissertation.idx'.


Writing index file dissertation.idx 
\@quotelevel=\count457
\@quotereset=\count458
(/home/ryan/Wonderland/native/research/dissertation/dissertation.aux (/home/ryan/Wonderland/native/research/dissertation/abstract.aux) (/home/ryan/Wonderland/native/research/dissertation/chapter_intro.aux) (/home/ryan/Wonderland/native/research/dissertation/chapter_experiment.aux) (/home/ryan/Wonderland/native/research/dissertation/chapter_analysis_details.aux) (/home/ryan/Wonderland/native/research/dissertation/chapter_systematics.aux))
\openout1 = `dissertation.aux'.

LaTeX Font Info:    Checking defaults for OML/cmm/m/it on input line 43.
LaTeX Font Info:    ... okay on input line 43.
LaTeX Font Info:    Checking defaults for OMS/cmsy/m/n on input line 43.
LaTeX Font Info:    ... okay on input line 43.
LaTeX Font Info:    Checking defaults for OT1/cmr/m/n on input line 43.
LaTeX Font Info:    ... okay on input line 43.
LaTeX Font Info:    Checking defaults for T1/cmr/m/n on input line 43.
LaTeX Font Info:    ... okay on input line 43.
LaTeX Font Info:    Checking defaults for TS1/cmr/m/n on input line 43.
LaTeX Font Info:    ... okay on input line 43.
LaTeX Font Info:    Checking defaults for OMX/cmex/m/n on input line 43.
LaTeX Font Info:    ... okay on input line 43.
LaTeX Font Info:    Checking defaults for U/cmr/m/n on input line 43.
LaTeX Font Info:    ... okay on input line 43.
LaTeX Font Info:    Checking defaults for PD1/pdf/m/n on input line 43.
LaTeX Font Info:    ... okay on input line 43.
Package biblatex Info: Trying to load language 'english'...
Package biblatex Info: ... file 'english.lbx' found.
 (/usr/share/texlive/texmf-dist/tex/latex/biblatex/lbx/english.lbx
File: english.lbx 2020/12/31 v3.16 biblatex localization (PK/MW)
)
Package biblatex Info: Input encoding 'utf8' detected.
Package biblatex Info: Automatic encoding selection.
(biblatex)             Assuming data encoding 'utf8'.
Package biblatex Info: Document encoding is UTF8 ....
Package biblatex Info: ... and expl3
(biblatex)             2021-01-09 L3 programming layer (loader) 
(biblatex)             is new enough (at least 2020/04/06),
(biblatex)             setting 'casechanger=expl3'.
 (/usr/share/texlive/texmf-dist/tex/latex/biblatex/blx-case-expl3.sty
Package: blx-case-expl3 2020/12/31 v3.16 expl3 case changing code for biblatex
)
\openout4 = `dissertation.bcf'.

Package biblatex Info: Trying to load bibliographic data...
Package biblatex Info: ... file 'dissertation.bbl' found.
 (/home/ryan/Wonderland/native/research/dissertation/dissertation.bbl

Package biblatex Warning: The following entry could not be found
(biblatex)                in the database:
(biblatex)                DphiStar
(biblatex)                Please verify the spelling and rerun
(biblatex)                LaTeX afterwards.

)
Package biblatex Info: Reference section=0 on input line 43.
Package biblatex Info: Reference segment=0 on input line 43.
 (/usr/share/texlive/texmf-dist/tex/context/base/mkii/supp-pdf.mkii
[Loading MPS to PDF converter (version 2006.09.02).]
\scratchcounter=\count459
\scratchdimen=\dimen198
\scratchbox=\box55
\nofMPsegments=\count460
\nofMParguments=\count461
\everyMPshowfont=\toks29
\MPscratchCnt=\count462
\MPscratchDim=\dimen199
\MPnumerator=\count463
\makeMPintoPDFobject=\count464
\everyMPtoPDFconversion=\toks30
) (/usr/share/texlive/texmf-dist/tex/latex/epstopdf-pkg/epstopdf-base.sty
Package: epstopdf-base 2020-01-24 v2.11 Base part for package epstopdf
Package epstopdf-base Info: Redefining graphics rule for `.eps' on input line 485.
 (/usr/share/texlive/texmf-dist/tex/latex/latexconfig/epstopdf-sys.cfg
File: epstopdf-sys.cfg 2010/07/13 v1.3 Configuration of (r)epstopdf for TeX Live
))
Package hyperref Info: Link coloring OFF on input line 43.
 (/usr/share/texlive/texmf-dist/tex/latex/hyperref/nameref.sty
Package: nameref 2019/09/16 v2.46 Cross-referencing by name of section
 (/usr/share/texlive/texmf-dist/tex/latex/refcount/refcount.sty
Package: refcount 2019/12/15 v3.6 Data extraction from label references (HO)
) (/usr/share/texlive/texmf-dist/tex/generic/gettitlestring/gettitlestring.sty
Package: gettitlestring 2019/12/15 v1.6 Cleanup title references (HO)
)
\c@section@level=\count465
)
Redoing nameref's sectioning
Redoing nameref's label
LaTeX Info: Redefining \nameref on input line 43.
LaTeX Info: Redefining \ref on input line 43.
LaTeX Info: Redefining \pageref on input line 43.
LaTeX Info: Redefining \nameref on input line 43.
(/home/ryan/Wonderland/native/research/dissertation/dissertation.out) (/home/ryan/Wonderland/native/research/dissertation/dissertation.out)
\@outlinefile=\write6
\openout6 = `dissertation.out'.

 [1


{/var/lib/texmf/fonts/map/pdftex/updmap/pdftex.map}] [2

] [3

] [4

] [5

]
\openout2 = `abstract.aux'.

 (/home/ryan/Wonderland/native/research/dissertation/abstract.tex) [6

] (/home/ryan/Wonderland/native/research/dissertation/dissertation.toc) [7



] (/home/ryan/Wonderland/native/research/dissertation/dissertation.lof [8

]) [9] [10] (/home/ryan/Wonderland/native/research/dissertation/dissertation.lot) [11

]
\openout2 = `chapter_intro.aux'.

 (/home/ryan/Wonderland/native/research/dissertation/chapter_intro.tex
<figures/introduction/StandardModel.png, id=253, 1395.2125pt x 1334.9875pt>
File: figures/introduction/StandardModel.png Graphic file (type png)
<use figures/introduction/StandardModel.png>
Package pdftex.def Info: figures/introduction/StandardModel.png  used on input line 13.
(pdftex.def)             Requested size: 279.03755pt x 266.99277pt.
<figures/introduction/StandardModelCup.jpg, id=257, 602.25pt x 422.57875pt>
File: figures/introduction/StandardModelCup.jpg Graphic file (type jpg)
<use figures/introduction/StandardModelCup.jpg>
Package pdftex.def Info: figures/introduction/StandardModelCup.jpg  used on input line 21.
(pdftex.def)             Requested size: 301.12425pt x 211.28885pt.
 [1



]
Overfull \hbox (3.04688pt too wide) in paragraph at lines 28--29
[]\OT1/cmr/m/n/12 The Elec-tro-mag-netic Force, which is re-spon-si-ble for the elec-trons push-ing against
 []

[2 </home/ryan/Wonderland/native/research/dissertation/figures/introduction/StandardModel.png>]) [3 </home/ryan/Wonderland/native/research/dissertation/figures/introduction/StandardModelCup.jpg>] [4]
\openout2 = `chapter_experiment.aux'.

 (/home/ryan/Wonderland/native/research/dissertation/chapter_experiment.tex
<figures/experiment/lhcring_illustration.jpeg, id=296, 734.745pt x 451.6875pt>
File: figures/experiment/lhcring_illustration.jpeg Graphic file (type jpg)
<use figures/experiment/lhcring_illustration.jpeg>
Package pdftex.def Info: figures/experiment/lhcring_illustration.jpeg  used on input line 14.
(pdftex.def)             Requested size: 367.3716pt x 225.84319pt.
<figures/experiment/ALICE_detector_schematic.png, id=298, 1927.2pt x 1113.15875pt>
File: figures/experiment/ALICE_detector_schematic.png Graphic file (type png)
<use figures/experiment/ALICE_detector_schematic.png>
Package pdftex.def Info: figures/experiment/ALICE_detector_schematic.png  used on input line 30.
(pdftex.def)             Requested size: 385.43318pt x 222.6278pt.
 [5




] [6 </home/ryan/Wonderland/native/research/dissertation/figures/experiment/lhcring_illustration.jpeg>] [7 </home/ryan/Wonderland/native/research/dissertation/figures/experiment/ALICE_detector_schematic.png>] [8]) [9]
\openout2 = `chapter_analysis_details.aux'.

 (/home/ryan/Wonderland/native/research/dissertation/chapter_analysis_details.tex [10




] [11]
<figures/analysis/trig_pt_dist_0_20.pdf, id=343, 569.12625pt x 408.52625pt>
File: figures/analysis/trig_pt_dist_0_20.pdf Graphic file (type pdf)
<use figures/analysis/trig_pt_dist_0_20.pdf>
Package pdftex.def Info: figures/analysis/trig_pt_dist_0_20.pdf  used on input line 51.
(pdftex.def)             Requested size: 138.56317pt x 99.46332pt.
<figures/analysis/trig_phi_dist_0_20.pdf, id=344, 569.12625pt x 408.52625pt>
File: figures/analysis/trig_phi_dist_0_20.pdf Graphic file (type pdf)
<use figures/analysis/trig_phi_dist_0_20.pdf>
Package pdftex.def Info: figures/analysis/trig_phi_dist_0_20.pdf  used on input line 54.
(pdftex.def)             Requested size: 138.56317pt x 99.46332pt.
<figures/analysis/trig_eta_dist_0_20.pdf, id=345, 569.12625pt x 408.52625pt>
File: figures/analysis/trig_eta_dist_0_20.pdf Graphic file (type pdf)
<use figures/analysis/trig_eta_dist_0_20.pdf>
Package pdftex.def Info: figures/analysis/trig_eta_dist_0_20.pdf  used on input line 57.
(pdftex.def)             Requested size: 138.56317pt x 99.46332pt.
 [12 </home/ryan/Wonderland/native/research/dissertation/figures/analysis/trig_pt_dist_0_20.pdf, page is rotated 90 degrees> </home/ryan/Wonderland/native/research/dissertation/figures/analysis/trig_phi_dist_0_20.pdf, page is rotated 90 degrees> </home/ryan/Wonderland/native/research/dissertation/figures/analysis/trig_eta_dist_0_20.pdf, page is rotated 90 degrees>]
<figures/analysis/assoc_pt_dist_0_20.pdf, id=484, 569.12625pt x 408.52625pt>
File: figures/analysis/assoc_pt_dist_0_20.pdf Graphic file (type pdf)
<use figures/analysis/assoc_pt_dist_0_20.pdf>
Package pdftex.def Info: figures/analysis/assoc_pt_dist_0_20.pdf  used on input line 89.
(pdftex.def)             Requested size: 138.56317pt x 99.46332pt.
<figures/analysis/assoc_phi_dist_0_20.pdf, id=485, 569.12625pt x 408.52625pt>
File: figures/analysis/assoc_phi_dist_0_20.pdf Graphic file (type pdf)
<use figures/analysis/assoc_phi_dist_0_20.pdf>
Package pdftex.def Info: figures/analysis/assoc_phi_dist_0_20.pdf  used on input line 92.
(pdftex.def)             Requested size: 138.56317pt x 99.46332pt.
<figures/analysis/assoc_eta_dist_0_20.pdf, id=486, 569.12625pt x 408.52625pt>
File: figures/analysis/assoc_eta_dist_0_20.pdf Graphic file (type pdf)
<use figures/analysis/assoc_eta_dist_0_20.pdf>
Package pdftex.def Info: figures/analysis/assoc_eta_dist_0_20.pdf  used on input line 95.
(pdftex.def)             Requested size: 138.56317pt x 99.46332pt.


Package hyperref Warning: Token not allowed in a PDF string (PDFDocEncoding):
(hyperref)                removing `math shift' on input line 122.


Package hyperref Warning: Token not allowed in a PDF string (PDFDocEncoding):
(hyperref)                removing `\Lambda' on input line 122.


Package hyperref Warning: Token not allowed in a PDF string (PDFDocEncoding):
(hyperref)                removing `math shift' on input line 122.

[13 </home/ryan/Wonderland/native/research/dissertation/figures/analysis/assoc_pt_dist_0_20.pdf, page is rotated 90 degrees> </home/ryan/Wonderland/native/research/dissertation/figures/analysis/assoc_phi_dist_0_20.pdf, page is rotated 90 degrees> </home/ryan/Wonderland/native/research/dissertation/figures/analysis/assoc_eta_dist_0_20.pdf, page is rotated 90 degrees>]
<figures/analysis/v0_decay.png, id=622, 955.57pt x 521.95pt>
File: figures/analysis/v0_decay.png Graphic file (type png)
<use figures/analysis/v0_decay.png>
Package pdftex.def Info: figures/analysis/v0_decay.png  used on input line 131.
(pdftex.def)             Requested size: 216.5pt x 118.254pt.
 [14 </home/ryan/Wonderland/native/research/dissertation/figures/analysis/v0_decay.png>]

LaTeX Warning: Reference `sec:tpc' on page 15 undefined on input line 160.


LaTeX Warning: Reference `sec:tof' on page 15 undefined on input line 160.

[15]
<figures/analysis/nsigma_tpc_proton.pdf, id=644, 569.12625pt x 408.52625pt>
File: figures/analysis/nsigma_tpc_proton.pdf Graphic file (type pdf)
<use figures/analysis/nsigma_tpc_proton.pdf>
Package pdftex.def Info: figures/analysis/nsigma_tpc_proton.pdf  used on input line 174.
(pdftex.def)             Requested size: 207.83815pt x 149.18875pt.
<figures/analysis/nsigma_tpc_pion.pdf, id=645, 569.12625pt x 408.52625pt>
File: figures/analysis/nsigma_tpc_pion.pdf Graphic file (type pdf)
<use figures/analysis/nsigma_tpc_pion.pdf>
Package pdftex.def Info: figures/analysis/nsigma_tpc_pion.pdf  used on input line 177.
(pdftex.def)             Requested size: 207.83815pt x 149.18875pt.
<figures/analysis/nsigma_tof_proton.pdf, id=646, 569.12625pt x 408.52625pt>
File: figures/analysis/nsigma_tof_proton.pdf Graphic file (type pdf)
<use figures/analysis/nsigma_tof_proton.pdf>
Package pdftex.def Info: figures/analysis/nsigma_tof_proton.pdf  used on input line 186.
(pdftex.def)             Requested size: 207.83815pt x 149.18875pt.
<figures/analysis/nsigma_tof_pion.pdf, id=647, 569.12625pt x 408.52625pt>
File: figures/analysis/nsigma_tof_pion.pdf Graphic file (type pdf)
<use figures/analysis/nsigma_tof_pion.pdf>
Package pdftex.def Info: figures/analysis/nsigma_tof_pion.pdf  used on input line 189.
(pdftex.def)             Requested size: 207.83815pt x 149.18875pt.


LaTeX Warning: `h' float specifier changed to `ht'.

<figures/analysis/nsigma_tof_v_tpc_proton.pdf, id=648, 569.12625pt x 408.52625pt>
File: figures/analysis/nsigma_tof_v_tpc_proton.pdf Graphic file (type pdf)
<use figures/analysis/nsigma_tof_v_tpc_proton.pdf>
Package pdftex.def Info: figures/analysis/nsigma_tof_v_tpc_proton.pdf  used on input line 198.
(pdftex.def)             Requested size: 207.83815pt x 149.18875pt.
<figures/analysis/nsigma_tof_v_tpc_pion.pdf, id=649, 569.12625pt x 408.52625pt>
File: figures/analysis/nsigma_tof_v_tpc_pion.pdf Graphic file (type pdf)
<use figures/analysis/nsigma_tof_v_tpc_pion.pdf>
Package pdftex.def Info: figures/analysis/nsigma_tof_v_tpc_pion.pdf  used on input line 201.
(pdftex.def)             Requested size: 207.83815pt x 149.18875pt.

LaTeX Warning: `h' float specifier changed to `ht'.

[16 </home/ryan/Wonderland/native/research/dissertation/figures/analysis/nsigma_tpc_proton.pdf, page is rotated 90 degrees> </home/ryan/Wonderland/native/research/dissertation/figures/analysis/nsigma_tpc_pion.pdf, page is rotated 90 degrees>] [17 </home/ryan/Wonderland/native/research/dissertation/figures/analysis/nsigma_tof_proton.pdf, page is rotated 90 degrees> </home/ryan/Wonderland/native/research/dissertation/figures/analysis/nsigma_tof_pion.pdf, page is rotated 90 degrees> </home/ryan/Wonderland/native/research/dissertation/figures/analysis/nsigma_tof_v_tpc_proton.pdf, page is rotated 90 degrees> </home/ryan/Wonderland/native/research/dissertation/figures/analysis/nsigma_tof_v_tpc_pion.pdf, page is rotated 90 degrees>]

LaTeX Warning: Reference `sec:remove_combinatorial_background' on page 18 undefined on input line 238.

<figures/analysis/lambda_mass_dist_0_20_lowpt.pdf, id=921, 569.12625pt x 410.53375pt>
File: figures/analysis/lambda_mass_dist_0_20_lowpt.pdf Graphic file (type pdf)
<use figures/analysis/lambda_mass_dist_0_20_lowpt.pdf>
Package pdftex.def Info: figures/analysis/lambda_mass_dist_0_20_lowpt.pdf  used on input line 244.
(pdftex.def)             Requested size: 207.83815pt x 149.92188pt.
<figures/analysis/lambda_mass_dist_0_20_highpt.pdf, id=922, 569.12625pt x 410.53375pt>
File: figures/analysis/lambda_mass_dist_0_20_highpt.pdf Graphic file (type pdf)
<use figures/analysis/lambda_mass_dist_0_20_highpt.pdf>
Package pdftex.def Info: figures/analysis/lambda_mass_dist_0_20_highpt.pdf  used on input line 247.
(pdftex.def)             Requested size: 207.83815pt x 149.92188pt.
<figures/analysis/lambda_mass_dist_20_50_lowpt.pdf, id=923, 569.12625pt x 410.53375pt>
File: figures/analysis/lambda_mass_dist_20_50_lowpt.pdf Graphic file (type pdf)
<use figures/analysis/lambda_mass_dist_20_50_lowpt.pdf>
Package pdftex.def Info: figures/analysis/lambda_mass_dist_20_50_lowpt.pdf  used on input line 250.
(pdftex.def)             Requested size: 207.83815pt x 149.92188pt.
<figures/analysis/lambda_mass_dist_20_50_highpt.pdf, id=924, 569.12625pt x 410.53375pt>
File: figures/analysis/lambda_mass_dist_20_50_highpt.pdf Graphic file (type pdf)
<use figures/analysis/lambda_mass_dist_20_50_highpt.pdf>
Package pdftex.def Info: figures/analysis/lambda_mass_dist_20_50_highpt.pdf  used on input line 253.
(pdftex.def)             Requested size: 207.83815pt x 149.92188pt.
<figures/analysis/lambda_mass_dist_50_80_lowpt.pdf, id=925, 569.12625pt x 410.53375pt>
File: figures/analysis/lambda_mass_dist_50_80_lowpt.pdf Graphic file (type pdf)
<use figures/analysis/lambda_mass_dist_50_80_lowpt.pdf>
Package pdftex.def Info: figures/analysis/lambda_mass_dist_50_80_lowpt.pdf  used on input line 256.
(pdftex.def)             Requested size: 207.83815pt x 149.92188pt.
<figures/analysis/lambda_mass_dist_50_80_highpt.pdf, id=926, 569.12625pt x 410.53375pt>
File: figures/analysis/lambda_mass_dist_50_80_highpt.pdf Graphic file (type pdf)
<use figures/analysis/lambda_mass_dist_50_80_highpt.pdf>
Package pdftex.def Info: figures/analysis/lambda_mass_dist_50_80_highpt.pdf  used on input line 259.
(pdftex.def)             Requested size: 207.83815pt x 149.92188pt.
[18

] [19 </home/ryan/Wonderland/native/research/dissertation/figures/analysis/lambda_mass_dist_0_20_lowpt.pdf, page is rotated 90 degrees> </home/ryan/Wonderland/native/research/dissertation/figures/analysis/lambda_mass_dist_0_20_highpt.pdf, page is rotated 90 degrees> </home/ryan/Wonderland/native/research/dissertation/figures/analysis/lambda_mass_dist_20_50_lowpt.pdf, page is rotated 90 degrees> </home/ryan/Wonderland/native/research/dissertation/figures/analysis/lambda_mass_dist_20_50_highpt.pdf, page is rotated 90 degrees> </home/ryan/Wonderland/native/research/dissertation/figures/analysis/lambda_mass_dist_50_80_lowpt.pdf, page is rotated 90 degrees> </home/ryan/Wonderland/native/research/dissertation/figures/analysis/lambda_mass_dist_50_80_highpt.pdf, page is rotated 90 degrees>] [20

]
<figures/analysis/trigger_efficiency.pdf, id=1214, 569.12625pt x 547.04375pt>
File: figures/analysis/trigger_efficiency.pdf Graphic file (type pdf)
<use figures/analysis/trigger_efficiency.pdf>
Package pdftex.def Info: figures/analysis/trigger_efficiency.pdf  used on input line 310.
(pdftex.def)             Requested size: 207.83815pt x 199.77364pt.
<figures/analysis/associated_efficiency.pdf, id=1215, 569.12625pt x 547.04375pt>
File: figures/analysis/associated_efficiency.pdf Graphic file (type pdf)
<use figures/analysis/associated_efficiency.pdf>
Package pdftex.def Info: figures/analysis/associated_efficiency.pdf  used on input line 313.
(pdftex.def)             Requested size: 207.83815pt x 199.77364pt.
 [21 </home/ryan/Wonderland/native/research/dissertation/figures/analysis/trigger_efficiency.pdf, page is rotated 90 degrees> </home/ryan/Wonderland/native/research/dissertation/figures/analysis/associated_efficiency.pdf, page is rotated 90 degrees>]
<figures/analysis/v0_efficiency_pt.png, id=1312, 887.315pt x 742.775pt>
File: figures/analysis/v0_efficiency_pt.png Graphic file (type png)
<use figures/analysis/v0_efficiency_pt.png>
Package pdftex.def Info: figures/analysis/v0_efficiency_pt.png  used on input line 343.
(pdftex.def)             Requested size: 207.83815pt x 173.97412pt.
<figures/analysis/v0_efficiency_eta.png, id=1313, 1222.5675pt x 1075.01625pt>
File: figures/analysis/v0_efficiency_eta.png Graphic file (type png)
<use figures/analysis/v0_efficiency_eta.png>
Package pdftex.def Info: figures/analysis/v0_efficiency_eta.png  used on input line 346.
(pdftex.def)             Requested size: 207.83815pt x 182.75034pt.
 [22 </home/ryan/Wonderland/native/research/dissertation/figures/analysis/v0_efficiency_pt.png> </home/ryan/Wonderland/native/research/dissertation/figures/analysis/v0_efficiency_eta.png>]

LaTeX Warning: Reference `sec:mixed_event_correction' on page 23 undefined on input line 382.


LaTeX Warning: Reference `fig:twod_cor' on page 23 undefined on input line 382.

[23

]

LaTeX Warning: Reference `sec:mixed_event_correction' on page 24 undefined on input line 384.

<figures/analysis/h_lambda_2d_nomixcor_fancy_label_0_20_lowpt.pdf, id=1332, 569.12625pt x 410.53375pt>
File: figures/analysis/h_lambda_2d_nomixcor_fancy_label_0_20_lowpt.pdf Graphic file (type pdf)
<use figures/analysis/h_lambda_2d_nomixcor_fancy_label_0_20_lowpt.pdf>
Package pdftex.def Info: figures/analysis/h_lambda_2d_nomixcor_fancy_label_0_20_lowpt.pdf  used on input line 396.
(pdftex.def)             Requested size: 207.83815pt x 149.92188pt.
<figures/analysis/h_lambda_2d_nomixcor_fancy_label_0_20_highpt.pdf, id=1333, 569.12625pt x 410.53375pt>
File: figures/analysis/h_lambda_2d_nomixcor_fancy_label_0_20_highpt.pdf Graphic file (type pdf)
<use figures/analysis/h_lambda_2d_nomixcor_fancy_label_0_20_highpt.pdf>
Package pdftex.def Info: figures/analysis/h_lambda_2d_nomixcor_fancy_label_0_20_highpt.pdf  used on input line 399.
(pdftex.def)             Requested size: 207.83815pt x 149.92188pt.
<figures/analysis/h_lambda_2d_nomixcor_fancy_label_20_50_lowpt.pdf, id=1334, 569.12625pt x 410.53375pt>
File: figures/analysis/h_lambda_2d_nomixcor_fancy_label_20_50_lowpt.pdf Graphic file (type pdf)
<use figures/analysis/h_lambda_2d_nomixcor_fancy_label_20_50_lowpt.pdf>
Package pdftex.def Info: figures/analysis/h_lambda_2d_nomixcor_fancy_label_20_50_lowpt.pdf  used on input line 402.
(pdftex.def)             Requested size: 207.83815pt x 149.92188pt.
<figures/analysis/h_lambda_2d_nomixcor_fancy_label_20_50_highpt.pdf, id=1335, 569.12625pt x 410.53375pt>
File: figures/analysis/h_lambda_2d_nomixcor_fancy_label_20_50_highpt.pdf Graphic file (type pdf)
<use figures/analysis/h_lambda_2d_nomixcor_fancy_label_20_50_highpt.pdf>
Package pdftex.def Info: figures/analysis/h_lambda_2d_nomixcor_fancy_label_20_50_highpt.pdf  used on input line 405.
(pdftex.def)             Requested size: 207.83815pt x 149.92188pt.
<figures/analysis/h_lambda_2d_nomixcor_fancy_label_50_80_lowpt.pdf, id=1336, 569.12625pt x 410.53375pt>
File: figures/analysis/h_lambda_2d_nomixcor_fancy_label_50_80_lowpt.pdf Graphic file (type pdf)
<use figures/analysis/h_lambda_2d_nomixcor_fancy_label_50_80_lowpt.pdf>
Package pdftex.def Info: figures/analysis/h_lambda_2d_nomixcor_fancy_label_50_80_lowpt.pdf  used on input line 408.
(pdftex.def)             Requested size: 207.83815pt x 149.92188pt.
<figures/analysis/h_lambda_2d_nomixcor_fancy_label_50_80_highpt.pdf, id=1337, 569.12625pt x 410.53375pt>
File: figures/analysis/h_lambda_2d_nomixcor_fancy_label_50_80_highpt.pdf Graphic file (type pdf)
<use figures/analysis/h_lambda_2d_nomixcor_fancy_label_50_80_highpt.pdf>
Package pdftex.def Info: figures/analysis/h_lambda_2d_nomixcor_fancy_label_50_80_highpt.pdf  used on input line 411.
(pdftex.def)             Requested size: 207.83815pt x 149.92188pt.
<figures/analysis/h_h_2d_nomixcor_fancy_label_0_20_lowpt.pdf, id=1338, 569.12625pt x 410.53375pt>
File: figures/analysis/h_h_2d_nomixcor_fancy_label_0_20_lowpt.pdf Graphic file (type pdf)
<use figures/analysis/h_h_2d_nomixcor_fancy_label_0_20_lowpt.pdf>
Package pdftex.def Info: figures/analysis/h_h_2d_nomixcor_fancy_label_0_20_lowpt.pdf  used on input line 420.
(pdftex.def)             Requested size: 207.83815pt x 149.92188pt.
<figures/analysis/h_h_2d_nomixcor_fancy_label_0_20_highpt.pdf, id=1339, 569.12625pt x 410.53375pt>
File: figures/analysis/h_h_2d_nomixcor_fancy_label_0_20_highpt.pdf Graphic file (type pdf)
<use figures/analysis/h_h_2d_nomixcor_fancy_label_0_20_highpt.pdf>
Package pdftex.def Info: figures/analysis/h_h_2d_nomixcor_fancy_label_0_20_highpt.pdf  used on input line 423.
(pdftex.def)             Requested size: 207.83815pt x 149.92188pt.
<figures/analysis/h_h_2d_nomixcor_fancy_label_20_50_lowpt.pdf, id=1340, 569.12625pt x 410.53375pt>
File: figures/analysis/h_h_2d_nomixcor_fancy_label_20_50_lowpt.pdf Graphic file (type pdf)
<use figures/analysis/h_h_2d_nomixcor_fancy_label_20_50_lowpt.pdf>
Package pdftex.def Info: figures/analysis/h_h_2d_nomixcor_fancy_label_20_50_lowpt.pdf  used on input line 426.
(pdftex.def)             Requested size: 207.83815pt x 149.92188pt.
<figures/analysis/h_h_2d_nomixcor_fancy_label_20_50_highpt.pdf, id=1341, 569.12625pt x 410.53375pt>
File: figures/analysis/h_h_2d_nomixcor_fancy_label_20_50_highpt.pdf Graphic file (type pdf)
<use figures/analysis/h_h_2d_nomixcor_fancy_label_20_50_highpt.pdf>
Package pdftex.def Info: figures/analysis/h_h_2d_nomixcor_fancy_label_20_50_highpt.pdf  used on input line 429.
(pdftex.def)             Requested size: 207.83815pt x 149.92188pt.
<figures/analysis/h_h_2d_nomixcor_fancy_label_50_80_lowpt.pdf, id=1342, 569.12625pt x 410.53375pt>
File: figures/analysis/h_h_2d_nomixcor_fancy_label_50_80_lowpt.pdf Graphic file (type pdf)
<use figures/analysis/h_h_2d_nomixcor_fancy_label_50_80_lowpt.pdf>
Package pdftex.def Info: figures/analysis/h_h_2d_nomixcor_fancy_label_50_80_lowpt.pdf  used on input line 432.
(pdftex.def)             Requested size: 207.83815pt x 149.92188pt.
<figures/analysis/h_h_2d_nomixcor_fancy_label_50_80_highpt.pdf, id=1343, 569.12625pt x 410.53375pt>
File: figures/analysis/h_h_2d_nomixcor_fancy_label_50_80_highpt.pdf Graphic file (type pdf)
<use figures/analysis/h_h_2d_nomixcor_fancy_label_50_80_highpt.pdf>
Package pdftex.def Info: figures/analysis/h_h_2d_nomixcor_fancy_label_50_80_highpt.pdf  used on input line 435.
(pdftex.def)             Requested size: 207.83815pt x 149.92188pt.
<figures/analysis/h_lambda_2d_mixed_fancy_label_0_20_lowpt.pdf, id=1344, 569.12625pt x 410.53375pt>
File: figures/analysis/h_lambda_2d_mixed_fancy_label_0_20_lowpt.pdf Graphic file (type pdf)
<use figures/analysis/h_lambda_2d_mixed_fancy_label_0_20_lowpt.pdf>
Package pdftex.def Info: figures/analysis/h_lambda_2d_mixed_fancy_label_0_20_lowpt.pdf  used on input line 444.
(pdftex.def)             Requested size: 207.83815pt x 149.92188pt.
<figures/analysis/h_lambda_2d_mixed_fancy_label_0_20_highpt.pdf, id=1345, 569.12625pt x 410.53375pt>
File: figures/analysis/h_lambda_2d_mixed_fancy_label_0_20_highpt.pdf Graphic file (type pdf)
<use figures/analysis/h_lambda_2d_mixed_fancy_label_0_20_highpt.pdf>
Package pdftex.def Info: figures/analysis/h_lambda_2d_mixed_fancy_label_0_20_highpt.pdf  used on input line 447.
(pdftex.def)             Requested size: 207.83815pt x 149.92188pt.
<figures/analysis/h_lambda_2d_mixed_fancy_label_20_50_lowpt.pdf, id=1346, 569.12625pt x 410.53375pt>
File: figures/analysis/h_lambda_2d_mixed_fancy_label_20_50_lowpt.pdf Graphic file (type pdf)
<use figures/analysis/h_lambda_2d_mixed_fancy_label_20_50_lowpt.pdf>
Package pdftex.def Info: figures/analysis/h_lambda_2d_mixed_fancy_label_20_50_lowpt.pdf  used on input line 450.
(pdftex.def)             Requested size: 207.83815pt x 149.92188pt.
<figures/analysis/h_lambda_2d_mixed_fancy_label_20_50_highpt.pdf, id=1347, 569.12625pt x 410.53375pt>
File: figures/analysis/h_lambda_2d_mixed_fancy_label_20_50_highpt.pdf Graphic file (type pdf)
<use figures/analysis/h_lambda_2d_mixed_fancy_label_20_50_highpt.pdf>
Package pdftex.def Info: figures/analysis/h_lambda_2d_mixed_fancy_label_20_50_highpt.pdf  used on input line 453.
(pdftex.def)             Requested size: 207.83815pt x 149.92188pt.
<figures/analysis/h_lambda_2d_mixed_fancy_label_50_80_lowpt.pdf, id=1348, 569.12625pt x 410.53375pt>
File: figures/analysis/h_lambda_2d_mixed_fancy_label_50_80_lowpt.pdf Graphic file (type pdf)
<use figures/analysis/h_lambda_2d_mixed_fancy_label_50_80_lowpt.pdf>
Package pdftex.def Info: figures/analysis/h_lambda_2d_mixed_fancy_label_50_80_lowpt.pdf  used on input line 456.
(pdftex.def)             Requested size: 207.83815pt x 149.92188pt.
<figures/analysis/h_lambda_2d_mixed_fancy_label_50_80_highpt.pdf, id=1349, 569.12625pt x 410.53375pt>
File: figures/analysis/h_lambda_2d_mixed_fancy_label_50_80_highpt.pdf Graphic file (type pdf)
<use figures/analysis/h_lambda_2d_mixed_fancy_label_50_80_highpt.pdf>
Package pdftex.def Info: figures/analysis/h_lambda_2d_mixed_fancy_label_50_80_highpt.pdf  used on input line 459.
(pdftex.def)             Requested size: 207.83815pt x 149.92188pt.
<figures/analysis/h_h_2d_mixed_fancy_label_0_20_lowpt.pdf, id=1350, 569.12625pt x 410.53375pt>
File: figures/analysis/h_h_2d_mixed_fancy_label_0_20_lowpt.pdf Graphic file (type pdf)
<use figures/analysis/h_h_2d_mixed_fancy_label_0_20_lowpt.pdf>
Package pdftex.def Info: figures/analysis/h_h_2d_mixed_fancy_label_0_20_lowpt.pdf  used on input line 468.
(pdftex.def)             Requested size: 207.83815pt x 149.92188pt.
<figures/analysis/h_h_2d_mixed_fancy_label_0_20_highpt.pdf, id=1351, 569.12625pt x 410.53375pt>
File: figures/analysis/h_h_2d_mixed_fancy_label_0_20_highpt.pdf Graphic file (type pdf)
<use figures/analysis/h_h_2d_mixed_fancy_label_0_20_highpt.pdf>
Package pdftex.def Info: figures/analysis/h_h_2d_mixed_fancy_label_0_20_highpt.pdf  used on input line 471.
(pdftex.def)             Requested size: 207.83815pt x 149.92188pt.
<figures/analysis/h_h_2d_mixed_fancy_label_20_50_lowpt.pdf, id=1352, 569.12625pt x 410.53375pt>
File: figures/analysis/h_h_2d_mixed_fancy_label_20_50_lowpt.pdf Graphic file (type pdf)
<use figures/analysis/h_h_2d_mixed_fancy_label_20_50_lowpt.pdf>
Package pdftex.def Info: figures/analysis/h_h_2d_mixed_fancy_label_20_50_lowpt.pdf  used on input line 474.
(pdftex.def)             Requested size: 207.83815pt x 149.92188pt.
<figures/analysis/h_h_2d_mixed_fancy_label_20_50_highpt.pdf, id=1353, 569.12625pt x 410.53375pt>
File: figures/analysis/h_h_2d_mixed_fancy_label_20_50_highpt.pdf Graphic file (type pdf)
<use figures/analysis/h_h_2d_mixed_fancy_label_20_50_highpt.pdf>
Package pdftex.def Info: figures/analysis/h_h_2d_mixed_fancy_label_20_50_highpt.pdf  used on input line 477.
(pdftex.def)             Requested size: 207.83815pt x 149.92188pt.
<figures/analysis/h_h_2d_mixed_fancy_label_50_80_lowpt.pdf, id=1354, 569.12625pt x 410.53375pt>
File: figures/analysis/h_h_2d_mixed_fancy_label_50_80_lowpt.pdf Graphic file (type pdf)
<use figures/analysis/h_h_2d_mixed_fancy_label_50_80_lowpt.pdf>
Package pdftex.def Info: figures/analysis/h_h_2d_mixed_fancy_label_50_80_lowpt.pdf  used on input line 480.
(pdftex.def)             Requested size: 207.83815pt x 149.92188pt.
<figures/analysis/h_h_2d_mixed_fancy_label_50_80_highpt.pdf, id=1355, 569.12625pt x 410.53375pt>
File: figures/analysis/h_h_2d_mixed_fancy_label_50_80_highpt.pdf Graphic file (type pdf)
<use figures/analysis/h_h_2d_mixed_fancy_label_50_80_highpt.pdf>
Package pdftex.def Info: figures/analysis/h_h_2d_mixed_fancy_label_50_80_highpt.pdf  used on input line 483.
(pdftex.def)             Requested size: 207.83815pt x 149.92188pt.
[24] [25 </home/ryan/Wonderland/native/research/dissertation/figures/analysis/h_lambda_2d_nomixcor_fancy_label_0_20_lowpt.pdf, page is rotated 90 degrees> </home/ryan/Wonderland/native/research/dissertation/figures/analysis/h_lambda_2d_nomixcor_fancy_label_0_20_highpt.pdf, page is rotated 90 degrees> </home/ryan/Wonderland/native/research/dissertation/figures/analysis/h_lambda_2d_nomixcor_fancy_label_20_50_lowpt.pdf, page is rotated 90 degrees> </home/ryan/Wonderland/native/research/dissertation/figures/analysis/h_lambda_2d_nomixcor_fancy_label_20_50_highpt.pdf, page is rotated 90 degrees> </home/ryan/Wonderland/native/research/dissertation/figures/analysis/h_lambda_2d_nomixcor_fancy_label_50_80_lowpt.pdf, page is rotated 90 degrees> </home/ryan/Wonderland/native/research/dissertation/figures/analysis/h_lambda_2d_nomixcor_fancy_label_50_80_highpt.pdf, page is rotated 90 degrees>] [26 </home/ryan/Wonderland/native/research/dissertation/figures/analysis/h_h_2d_nomixcor_fancy_label_0_20_lowpt.pdf, page is rotated 90 degrees> </home/ryan/Wonderland/native/research/dissertation/figures/analysis/h_h_2d_nomixcor_fancy_label_0_20_highpt.pdf, page is rotated 90 degrees> </home/ryan/Wonderland/native/research/dissertation/figures/analysis/h_h_2d_nomixcor_fancy_label_20_50_lowpt.pdf, page is rotated 90 degrees> </home/ryan/Wonderland/native/research/dissertation/figures/analysis/h_h_2d_nomixcor_fancy_label_20_50_highpt.pdf, page is rotated 90 degrees> </home/ryan/Wonderland/native/research/dissertation/figures/analysis/h_h_2d_nomixcor_fancy_label_50_80_lowpt.pdf, page is rotated 90 degrees> </home/ryan/Wonderland/native/research/dissertation/figures/analysis/h_h_2d_nomixcor_fancy_label_50_80_highpt.pdf, page is rotated 90 degrees>] [27 </home/ryan/Wonderland/native/research/dissertation/figures/analysis/h_lambda_2d_mixed_fancy_label_0_20_lowpt.pdf, page is rotated 90 degrees> </home/ryan/Wonderland/native/research/dissertation/figures/analysis/h_lambda_2d_mixed_fancy_label_0_20_highpt.pdf, page is rotated 90 degrees> </home/ryan/Wonderland/native/research/dissertation/figures/analysis/h_lambda_2d_mixed_fancy_label_20_50_lowpt.pdf, page is rotated 90 degrees> </home/ryan/Wonderland/native/research/dissertation/figures/analysis/h_lambda_2d_mixed_fancy_label_20_50_highpt.pdf, page is rotated 90 degrees> </home/ryan/Wonderland/native/research/dissertation/figures/analysis/h_lambda_2d_mixed_fancy_label_50_80_lowpt.pdf, page is rotated 90 degrees> </home/ryan/Wonderland/native/research/dissertation/figures/analysis/h_lambda_2d_mixed_fancy_label_50_80_highpt.pdf, page is rotated 90 degrees>] [28 </home/ryan/Wonderland/native/research/dissertation/figures/analysis/h_h_2d_mixed_fancy_label_0_20_lowpt.pdf, page is rotated 90 degrees> </home/ryan/Wonderland/native/research/dissertation/figures/analysis/h_h_2d_mixed_fancy_label_0_20_highpt.pdf, page is rotated 90 degrees> </home/ryan/Wonderland/native/research/dissertation/figures/analysis/h_h_2d_mixed_fancy_label_20_50_lowpt.pdf, page is rotated 90 degrees> </home/ryan/Wonderland/native/research/dissertation/figures/analysis/h_h_2d_mixed_fancy_label_20_50_highpt.pdf, page is rotated 90 degrees> </home/ryan/Wonderland/native/research/dissertation/figures/analysis/h_h_2d_mixed_fancy_label_50_80_lowpt.pdf, page is rotated 90 degrees> </home/ryan/Wonderland/native/research/dissertation/figures/analysis/h_h_2d_mixed_fancy_label_50_80_highpt.pdf, page is rotated 90 degrees>] [29

]
<figures/analysis/h_lambda_sig_dist_lowpt.pdf, id=2427, 569.12625pt x 408.52625pt>
File: figures/analysis/h_lambda_sig_dist_lowpt.pdf Graphic file (type pdf)
<use figures/analysis/h_lambda_sig_dist_lowpt.pdf>
Package pdftex.def Info: figures/analysis/h_lambda_sig_dist_lowpt.pdf  used on input line 540.
(pdftex.def)             Requested size: 207.83815pt x 149.18875pt.
<figures/analysis/h_lambda_sig_dist_highpt.pdf, id=2428, 569.12625pt x 408.52625pt>
File: figures/analysis/h_lambda_sig_dist_highpt.pdf Graphic file (type pdf)
<use figures/analysis/h_lambda_sig_dist_highpt.pdf>
Package pdftex.def Info: figures/analysis/h_lambda_sig_dist_highpt.pdf  used on input line 543.
(pdftex.def)             Requested size: 207.83815pt x 149.18875pt.
<figures/analysis/h_lambda_rsb_dist_lowpt.pdf, id=2429, 569.12625pt x 408.52625pt>
File: figures/analysis/h_lambda_rsb_dist_lowpt.pdf Graphic file (type pdf)
<use figures/analysis/h_lambda_rsb_dist_lowpt.pdf>
Package pdftex.def Info: figures/analysis/h_lambda_rsb_dist_lowpt.pdf  used on input line 546.
(pdftex.def)             Requested size: 207.83815pt x 149.18875pt.
<figures/analysis/h_lambda_rsb_dist_highpt.pdf, id=2430, 569.12625pt x 408.52625pt>
File: figures/analysis/h_lambda_rsb_dist_highpt.pdf Graphic file (type pdf)
<use figures/analysis/h_lambda_rsb_dist_highpt.pdf>
Package pdftex.def Info: figures/analysis/h_lambda_rsb_dist_highpt.pdf  used on input line 549.
(pdftex.def)             Requested size: 207.83815pt x 149.18875pt.
 [30] [31 </home/ryan/Wonderland/native/research/dissertation/figures/analysis/h_lambda_sig_dist_lowpt.pdf, page is rotated 90 degrees> </home/ryan/Wonderland/native/research/dissertation/figures/analysis/h_lambda_sig_dist_highpt.pdf, page is rotated 90 degrees> </home/ryan/Wonderland/native/research/dissertation/figures/analysis/h_lambda_rsb_dist_lowpt.pdf, page is rotated 90 degrees> </home/ryan/Wonderland/native/research/dissertation/figures/analysis/h_lambda_rsb_dist_highpt.pdf, page is rotated 90 degrees>]
<figures/analysis/trackmerge_lambda_dphi_small_deta.pdf, id=2629, 569.12625pt x 408.52625pt>
File: figures/analysis/trackmerge_lambda_dphi_small_deta.pdf Graphic file (type pdf)
<use figures/analysis/trackmerge_lambda_dphi_small_deta.pdf>
Package pdftex.def Info: figures/analysis/trackmerge_lambda_dphi_small_deta.pdf  used on input line 583.
(pdftex.def)             Requested size: 207.83815pt x 149.18875pt.
<figures/analysis/trackmerge_lambda_dphi_large_deta.pdf, id=2630, 569.12625pt x 408.52625pt>
File: figures/analysis/trackmerge_lambda_dphi_large_deta.pdf Graphic file (type pdf)
<use figures/analysis/trackmerge_lambda_dphi_large_deta.pdf>
Package pdftex.def Info: figures/analysis/trackmerge_lambda_dphi_large_deta.pdf  used on input line 586.
(pdftex.def)             Requested size: 207.83815pt x 149.18875pt.
 [32 </home/ryan/Wonderland/native/research/dissertation/figures/analysis/trackmerge_lambda_dphi_small_deta.pdf, page is rotated 90 degrees> </home/ryan/Wonderland/native/research/dissertation/figures/analysis/trackmerge_lambda_dphi_large_deta.pdf, page is rotated 90 degrees>]
<figures/analysis/h_pion_2d_secondary.png, id=2731, 746.79pt x 500.87125pt>
File: figures/analysis/h_pion_2d_secondary.png Graphic file (type png)
<use figures/analysis/h_pion_2d_secondary.png>
Package pdftex.def Info: figures/analysis/h_pion_2d_secondary.png  used on input line 604.
(pdftex.def)             Requested size: 207.83815pt x 139.39465pt.
<figures/analysis/h_pion_2d_primary.png, id=2732, 726.715pt x 529.98pt>
File: figures/analysis/h_pion_2d_primary.png Graphic file (type png)
<use figures/analysis/h_pion_2d_primary.png>
Package pdftex.def Info: figures/analysis/h_pion_2d_primary.png  used on input line 607.
(pdftex.def)             Requested size: 207.83815pt x 151.5715pt.
 [33 </home/ryan/Wonderland/native/research/dissertation/figures/analysis/h_pion_2d_secondary.png> </home/ryan/Wonderland/native/research/dissertation/figures/analysis/h_pion_2d_primary.png>]
<figures/analysis/h_pion_dphi_secondary_0_2.pdf, id=2738, 569.12625pt x 408.52625pt>
File: figures/analysis/h_pion_dphi_secondary_0_2.pdf Graphic file (type pdf)
<use figures/analysis/h_pion_dphi_secondary_0_2.pdf>
Package pdftex.def Info: figures/analysis/h_pion_dphi_secondary_0_2.pdf  used on input line 618.
(pdftex.def)             Requested size: 207.83815pt x 149.18875pt.
<figures/analysis/h_pion_dphi_secondary_2_4.pdf, id=2739, 569.12625pt x 408.52625pt>
File: figures/analysis/h_pion_dphi_secondary_2_4.pdf Graphic file (type pdf)
<use figures/analysis/h_pion_dphi_secondary_2_4.pdf>
Package pdftex.def Info: figures/analysis/h_pion_dphi_secondary_2_4.pdf  used on input line 621.
(pdftex.def)             Requested size: 207.83815pt x 149.18875pt.
 [34 </home/ryan/Wonderland/native/research/dissertation/figures/analysis/h_pion_dphi_secondary_0_2.pdf, page is rotated 90 degrees> </home/ryan/Wonderland/native/research/dissertation/figures/analysis/h_pion_dphi_secondary_2_4.pdf, page is rotated 90 degrees>]

LaTeX Warning: Reference `sec:resonance_technique' on page 35 undefined on input line 634.

[35]
<figures/analysis/twotrack_template_lowpt.pdf, id=2844, 569.12625pt x 408.52625pt>
File: figures/analysis/twotrack_template_lowpt.pdf Graphic file (type pdf)
<use figures/analysis/twotrack_template_lowpt.pdf>
Package pdftex.def Info: figures/analysis/twotrack_template_lowpt.pdf  used on input line 652.
(pdftex.def)             Requested size: 207.83815pt x 149.18875pt.
<figures/analysis/twotrack_template_highpt.pdf, id=2845, 569.12625pt x 408.52625pt>
File: figures/analysis/twotrack_template_highpt.pdf Graphic file (type pdf)
<use figures/analysis/twotrack_template_highpt.pdf>
Package pdftex.def Info: figures/analysis/twotrack_template_highpt.pdf  used on input line 655.
(pdftex.def)             Requested size: 207.83815pt x 149.18875pt.
) [36 </home/ryan/Wonderland/native/research/dissertation/figures/analysis/twotrack_template_lowpt.pdf, page is rotated 90 degrees> </home/ryan/Wonderland/native/research/dissertation/figures/analysis/twotrack_template_highpt.pdf, page is rotated 90 degrees>]
\openout2 = `chapter_systematics.aux'.

 (/home/ryan/Wonderland/native/research/dissertation/chapter_systematics.tex) [37




] (/home/ryan/Wonderland/native/research/dissertation/dissertation.ind) [38





] [39]
\tf@toc=\write7
\openout7 = `dissertation.toc'.

\tf@lof=\write8
\openout8 = `dissertation.lof'.

\tf@lot=\write9
\openout9 = `dissertation.lot'.

 (/home/ryan/Wonderland/native/research/dissertation/dissertation.aux (/home/ryan/Wonderland/native/research/dissertation/abstract.aux) (/home/ryan/Wonderland/native/research/dissertation/chapter_intro.aux) (/home/ryan/Wonderland/native/research/dissertation/chapter_experiment.aux) (/home/ryan/Wonderland/native/research/dissertation/chapter_analysis_details.aux) (/home/ryan/Wonderland/native/research/dissertation/chapter_systematics.aux))

LaTeX Warning: There were undefined references.

Package rerunfilecheck Info: File `dissertation.out' has not changed.
(rerunfilecheck)             Checksum: 633D9BBD81862AFD7EBAC5967AC1A3D4;1022.
Package logreq Info: Writing requests to 'dissertation.run.xml'.
\openout1 = `dissertation.run.xml'.

 ) 
Here is how much of TeX's memory you used:
 17452 strings out of 479304
 313200 string characters out of 5869779
 1173740 words of memory out of 5000000
 34171 multiletter control sequences out of 15000+600000
 411944 words of font info for 57 fonts, out of 8000000 for 9000
 1141 hyphenation exceptions out of 8191
 82i,18n,89p,2496b,1338s stack positions out of 5000i,500n,10000p,200000b,80000s
{/usr/share/texmf/fonts/enc/dvips/cm-super/cm-super-ts1.enc}</usr/share/texlive/texmf-dist/fonts/type1/public/amsfonts/cm/cmbx12.pfb></usr/share/texlive/texmf-dist/fonts/type1/public/amsfonts/cm/cmcsc10.pfb></usr/share/texlive/texmf-dist/fonts/type1/public/amsfonts/cm/cmex10.pfb></usr/share/texlive/texmf-dist/fonts/type1/public/amsfonts/cm/cmmi10.pfb></usr/share/texlive/texmf-dist/fonts/type1/public/amsfonts/cm/cmmi12.pfb></usr/share/texlive/texmf-dist/fonts/type1/public/amsfonts/cm/cmmi7.pfb></usr/share/texlive/texmf-dist/fonts/type1/public/amsfonts/cm/cmmi8.pfb></usr/share/texlive/texmf-dist/fonts/type1/public/amsfonts/cm/cmr10.pfb></usr/share/texlive/texmf-dist/fonts/type1/public/amsfonts/cm/cmr12.pfb></usr/share/texlive/texmf-dist/fonts/type1/public/amsfonts/cm/cmr17.pfb></usr/share/texlive/texmf-dist/fonts/type1/public/amsfonts/cm/cmr7.pfb></usr/share/texlive/texmf-dist/fonts/type1/public/amsfonts/cm/cmr8.pfb></usr/share/texlive/texmf-dist/fonts/type1/public/amsfonts/cm/cmsy10.pfb></usr/share/texlive/texmf-dist/fonts/type1/public/amsfonts/cm/cmsy8.pfb></usr/share/texlive/texmf-dist/fonts/type1/public/amsfonts/cm/cmti12.pfb></usr/share/texlive/texmf-dist/fonts/type1/public/amsfonts/cm/cmtt12.pfb></usr/share/texmf/fonts/type1/public/cm-super/sfrm1200.pfb>
Output written on /home/ryan/Wonderland/native/research/dissertation/dissertation.pdf (50 pages, 6582855 bytes).
PDF statistics:
 3089 PDF objects out of 3580 (max. 8388607)
 1588 compressed objects within 16 object streams
 159 named destinations out of 1000 (max. 500000)
 444 words of extra memory for PDF output out of 10000 (max. 10000000)

